<?xml version="1.0" encoding="UTF-8"?>
<coverage generated="1637884395304" clover="3.2.0">
  <project timestamp="1637884395304" name="All files">
    <metrics statements="24" coveredstatements="12" conditionals="16" coveredconditionals="5" methods="9" coveredmethods="3" elements="49" coveredelements="20" complexity="0" loc="24" ncloc="24" packages="1" files="2" classes="2"/>
    <file name="cattle-service.js" path="/Users/jorg/node/dalrae/saug-cap-demo/cds/srv/cattle-service.js">
      <metrics statements="7" coveredstatements="7" conditionals="6" coveredconditionals="5" methods="2" coveredmethods="2"/>
      <line num="6" count="1" type="stmt"/>
      <line num="7" count="1" type="stmt"/>
      <line num="9" count="1" type="stmt"/>
      <line num="10" count="2" type="stmt"/>
      <line num="12" count="2" type="cond" truecount="2" falsecount="0"/>
      <line num="13" count="2" type="cond" truecount="3" falsecount="1"/>
      <line num="14" count="2" type="stmt"/>
    </file>
    <file name="paddock-service.js" path="/Users/jorg/node/dalrae/saug-cap-demo/cds/srv/paddock-service.js">
      <metrics statements="17" coveredstatements="5" conditionals="10" coveredconditionals="0" methods="7" coveredmethods="1"/>
      <line num="6" count="1" type="stmt"/>
      <line num="7" count="1" type="stmt"/>
      <line num="9" count="1" type="stmt"/>
      <line num="10" count="0" type="stmt"/>
      <line num="12" count="0" type="cond" truecount="0" falsecount="2"/>
      <line num="13" count="0" type="cond" truecount="0" falsecount="2"/>
      <line num="14" count="0" type="cond" truecount="0" falsecount="2"/>
      <line num="17" count="1" type="stmt"/>
      <line num="18" count="0" type="stmt"/>
      <line num="19" count="0" type="stmt"/>
      <line num="23" count="0" type="stmt"/>
      <line num="24" count="0" type="stmt"/>
      <line num="25" count="0" type="stmt"/>
      <line num="29" count="1" type="stmt"/>
      <line num="30" count="0" type="stmt"/>
      <line num="32" count="0" type="cond" truecount="0" falsecount="4"/>
      <line num="33" count="0" type="stmt"/>
    </file>
  </project>
</coverage>
