{"/Users/jorg/node/dalrae/saug-cap-demo/cds/srv/cattle-service.js": {"path":"/Users/jorg/node/dalrae/saug-cap-demo/cds/srv/cattle-service.js","statementMap":{"0":{"start":{"line":6,"column":0},"end":{"line":18,"column":2}},"1":{"start":{"line":7,"column":33},"end":{"line":7,"column":45}},"2":{"start":{"line":9,"column":2},"end":{"line":17,"column":5}},"3":{"start":{"line":10,"column":54},"end":{"line":10,"column":62}},"4":{"start":{"line":12,"column":4},"end":{"line":12,"column":73}},"5":{"start":{"line":12,"column":21},"end":{"line":12,"column":73}},"6":{"start":{"line":13,"column":4},"end":{"line":13,"column":42}},"7":{"start":{"line":13,"column":35},"end":{"line":13,"column":42}},"8":{"start":{"line":14,"column":4},"end":{"line":16,"column":6}}},"fnMap":{"0":{"name":"(anonymous_0)","decl":{"start":{"line":6,"column":17},"end":{"line":6,"column":18}},"loc":{"start":{"line":6,"column":26},"end":{"line":18,"column":1}},"line":6},"1":{"name":"(anonymous_1)","decl":{"start":{"line":9,"column":44},"end":{"line":9,"column":45}},"loc":{"start":{"line":9,"column":57},"end":{"line":17,"column":3}},"line":9}},"branchMap":{"0":{"loc":{"start":{"line":12,"column":4},"end":{"line":12,"column":73}},"type":"if","locations":[{"start":{"line":12,"column":4},"end":{"line":12,"column":73}},{"start":{},"end":{}}],"line":12},"1":{"loc":{"start":{"line":13,"column":4},"end":{"line":13,"column":42}},"type":"if","locations":[{"start":{"line":13,"column":4},"end":{"line":13,"column":42}},{"start":{},"end":{}}],"line":13},"2":{"loc":{"start":{"line":13,"column":9},"end":{"line":13,"column":32}},"type":"binary-expr","locations":[{"start":{"line":13,"column":9},"end":{"line":13,"column":18}},{"start":{"line":13,"column":22},"end":{"line":13,"column":32}}],"line":13}},"s":{"0":1,"1":1,"2":1,"3":2,"4":2,"5":1,"6":2,"7":0,"8":2},"f":{"0":1,"1":2},"b":{"0":[1,1],"1":[0,2],"2":[2,2]},"_coverageSchema":"1a1c01bbd47fc00a2c39e90264f33305004495a9","hash":"3cc210ff37d5979cdb5ca25ce3559a70f5a21984"}
,"/Users/jorg/node/dalrae/saug-cap-demo/cds/srv/paddock-service.js": {"path":"/Users/jorg/node/dalrae/saug-cap-demo/cds/srv/paddock-service.js","statementMap":{"0":{"start":{"line":6,"column":0},"end":{"line":37,"column":2}},"1":{"start":{"line":7,"column":43},"end":{"line":7,"column":55}},"2":{"start":{"line":9,"column":2},"end":{"line":15,"column":5}},"3":{"start":{"line":10,"column":43},"end":{"line":10,"column":51}},"4":{"start":{"line":12,"column":4},"end":{"line":12,"column":69}},"5":{"start":{"line":12,"column":19},"end":{"line":12,"column":69}},"6":{"start":{"line":13,"column":4},"end":{"line":13,"column":63}},"7":{"start":{"line":13,"column":16},"end":{"line":13,"column":63}},"8":{"start":{"line":14,"column":4},"end":{"line":14,"column":71}},"9":{"start":{"line":14,"column":20},"end":{"line":14,"column":71}},"10":{"start":{"line":17,"column":2},"end":{"line":27,"column":5}},"11":{"start":{"line":18,"column":25},"end":{"line":18,"column":108}},"12":{"start":{"line":18,"column":55},"end":{"line":18,"column":90}},"13":{"start":{"line":18,"column":91},"end":{"line":18,"column":101}},"14":{"start":{"line":19,"column":18},"end":{"line":21,"column":28}},"15":{"start":{"line":23,"column":4},"end":{"line":26,"column":7}},"16":{"start":{"line":23,"column":59},"end":{"line":26,"column":6}},"17":{"start":{"line":24,"column":22},"end":{"line":24,"column":53}},"18":{"start":{"line":25,"column":6},"end":{"line":25,"column":62}},"19":{"start":{"line":29,"column":2},"end":{"line":36,"column":5}},"20":{"start":{"line":30,"column":42},"end":{"line":30,"column":50}},"21":{"start":{"line":32,"column":4},"end":{"line":32,"column":42}},"22":{"start":{"line":32,"column":35},"end":{"line":32,"column":42}},"23":{"start":{"line":33,"column":4},"end":{"line":35,"column":6}}},"fnMap":{"0":{"name":"(anonymous_0)","decl":{"start":{"line":6,"column":17},"end":{"line":6,"column":18}},"loc":{"start":{"line":6,"column":26},"end":{"line":37,"column":1}},"line":6},"1":{"name":"(anonymous_1)","decl":{"start":{"line":9,"column":45},"end":{"line":9,"column":46}},"loc":{"start":{"line":9,"column":58},"end":{"line":15,"column":3}},"line":9},"2":{"name":"(anonymous_2)","decl":{"start":{"line":17,"column":32},"end":{"line":17,"column":33}},"loc":{"start":{"line":17,"column":57},"end":{"line":27,"column":3}},"line":17},"3":{"name":"(anonymous_3)","decl":{"start":{"line":18,"column":41},"end":{"line":18,"column":42}},"loc":{"start":{"line":18,"column":53},"end":{"line":18,"column":103}},"line":18},"4":{"name":"(anonymous_4)","decl":{"start":{"line":23,"column":48},"end":{"line":23,"column":49}},"loc":{"start":{"line":23,"column":59},"end":{"line":26,"column":6}},"line":23},"5":{"name":"(anonymous_5)","decl":{"start":{"line":23,"column":75},"end":{"line":23,"column":76}},"loc":{"start":{"line":23,"column":85},"end":{"line":26,"column":5}},"line":23},"6":{"name":"(anonymous_6)","decl":{"start":{"line":29,"column":44},"end":{"line":29,"column":45}},"loc":{"start":{"line":29,"column":57},"end":{"line":36,"column":3}},"line":29}},"branchMap":{"0":{"loc":{"start":{"line":12,"column":4},"end":{"line":12,"column":69}},"type":"if","locations":[{"start":{"line":12,"column":4},"end":{"line":12,"column":69}},{"start":{},"end":{}}],"line":12},"1":{"loc":{"start":{"line":13,"column":4},"end":{"line":13,"column":63}},"type":"if","locations":[{"start":{"line":13,"column":4},"end":{"line":13,"column":63}},{"start":{},"end":{}}],"line":13},"2":{"loc":{"start":{"line":14,"column":4},"end":{"line":14,"column":71}},"type":"if","locations":[{"start":{"line":14,"column":4},"end":{"line":14,"column":71}},{"start":{},"end":{}}],"line":14},"3":{"loc":{"start":{"line":32,"column":4},"end":{"line":32,"column":42}},"type":"if","locations":[{"start":{"line":32,"column":4},"end":{"line":32,"column":42}},{"start":{},"end":{}}],"line":32},"4":{"loc":{"start":{"line":32,"column":9},"end":{"line":32,"column":32}},"type":"binary-expr","locations":[{"start":{"line":32,"column":9},"end":{"line":32,"column":18}},{"start":{"line":32,"column":22},"end":{"line":32,"column":32}}],"line":32}},"s":{"0":1,"1":1,"2":1,"3":0,"4":0,"5":0,"6":0,"7":0,"8":0,"9":0,"10":1,"11":0,"12":0,"13":0,"14":0,"15":0,"16":0,"17":0,"18":0,"19":1,"20":0,"21":0,"22":0,"23":0},"f":{"0":1,"1":0,"2":0,"3":0,"4":0,"5":0,"6":0},"b":{"0":[0,0],"1":[0,0],"2":[0,0],"3":[0,0],"4":[0,0]},"_coverageSchema":"1a1c01bbd47fc00a2c39e90264f33305004495a9","hash":"5bcf783fd1d99270a1bf4a30450c4aea87c69c8a"}
}
