TN:
SF:srv/cattle-service.js
FN:6,(anonymous_0)
FN:9,(anonymous_1)
FNF:2
FNH:2
FNDA:1,(anonymous_0)
FNDA:2,(anonymous_1)
DA:6,1
DA:7,1
DA:9,1
DA:10,2
DA:12,2
DA:13,2
DA:14,2
LF:7
LH:7
BRDA:12,0,0,1
BRDA:12,0,1,1
BRDA:13,1,0,0
BRDA:13,1,1,2
BRDA:13,2,0,2
BRDA:13,2,1,2
BRF:6
BRH:5
end_of_record
TN:
SF:srv/paddock-service.js
FN:6,(anonymous_0)
FN:9,(anonymous_1)
FN:17,(anonymous_2)
FN:18,(anonymous_3)
FN:23,(anonymous_4)
FN:23,(anonymous_5)
FN:29,(anonymous_6)
FNF:7
FNH:1
FNDA:1,(anonymous_0)
FNDA:0,(anonymous_1)
FNDA:0,(anonymous_2)
FNDA:0,(anonymous_3)
FNDA:0,(anonymous_4)
FNDA:0,(anonymous_5)
FNDA:0,(anonymous_6)
DA:6,1
DA:7,1
DA:9,1
DA:10,0
DA:12,0
DA:13,0
DA:14,0
DA:17,1
DA:18,0
DA:19,0
DA:23,0
DA:24,0
DA:25,0
DA:29,1
DA:30,0
DA:32,0
DA:33,0
LF:17
LH:5
BRDA:12,0,0,0
BRDA:12,0,1,0
BRDA:13,1,0,0
BRDA:13,1,1,0
BRDA:14,2,0,0
BRDA:14,2,1,0
BRDA:32,3,0,0
BRDA:32,3,1,0
BRDA:32,4,0,0
BRDA:32,4,1,0
BRF:10
BRH:0
end_of_record
